# JRE version: OpenJDK Runtime Environment Microsoft-11926163 (17.0.16+8) (build 17.0.16+8-LTS)
# Java VM: OpenJDK 64-Bit Server VM Microsoft-11926163 (17.0.16+8-LTS, mixed mode, sharing, tiered, compressed oops, compressed class ptrs, g1 gc, windows-amd64)
GC Precious Log:
 CPUs: 16 total, 16 available
 Memory: 15587M
 Large Page Support: Disabled
 NUMA Support: Disabled
 Compressed Oops: Enabled (Zero based)
 Heap Region Size: 2M
 Heap Min Capacity: 8M
 Heap Initial Capacity: 244M
 Heap Max Capacity: 3898M
 Pre-touch: Disabled
 Parallel Workers: 13
 Concurrent Workers: 3
 Concurrent Refinement Workers: 13
 Periodic GC: Disabled
Heap:
 garbage-first heap   total 81920K, used 33473K [0x000000070c600000, 0x0000000800000000)
  region size 2048K, 5 young (10240K), 1 survivors (2048K)
 Metaspace       used 24616K, committed 24896K, reserved 1114112K
  class space    used 2499K, committed 2624K, reserved 1048576K
GC Heap History (12 events):
Event: 0.977 GC heap before
{Heap before GC invocations=0 (full 0):
 garbage-first heap   total 249856K, used 22528K [0x000000070c600000, 0x0000000800000000)
  region size 2048K, 11 young (22528K), 0 survivors (0K)
 Metaspace       used 10123K, committed 10432K, reserved 1114112K
  class space    used 1031K, committed 1152K, reserved 1048576K
}
Event: 0.981 GC heap after
{Heap after GC invocations=1 (full 0):
 garbage-first heap   total 249856K, used 4858K [0x000000070c600000, 0x0000000800000000)
  region size 2048K, 2 young (4096K), 2 survivors (4096K)
 Metaspace       used 10123K, committed 10432K, reserved 1114112K
  class space    used 1031K, committed 1152K, reserved 1048576K
}
Event: 2.004 GC heap before
{Heap before GC invocations=1 (full 0):
 garbage-first heap   total 249856K, used 47866K [0x000000070c600000, 0x0000000800000000)
  region size 2048K, 15 young (30720K), 2 survivors (4096K)
 Metaspace       used 15795K, committed 16128K, reserved 1114112K
  class space    used 1453K, committed 1600K, reserved 1048576K
}
Event: 2.008 GC heap after
{Heap after GC invocations=2 (full 0):
 garbage-first heap   total 249856K, used 24934K [0x000000070c600000, 0x0000000800000000)
  region size 2048K, 2 young (4096K), 2 survivors (4096K)
 Metaspace       used 15795K, committed 16128K, reserved 1114112K
  class space    used 1453K, committed 1600K, reserved 1048576K
}
Event: 8.477 GC heap before
{Heap before GC invocations=2 (full 0):
 garbage-first heap   total 249856K, used 131430K [0x000000070c600000, 0x0000000800000000)
  region size 2048K, 55 young (112640K), 2 survivors (4096K)
 Metaspace       used 18148K, committed 18432K, reserved 1114112K
  class space    used 1599K, committed 1728K, reserved 1048576K
}
Event: 8.484 GC heap after
{Heap after GC invocations=3 (full 0):
 garbage-first heap   total 249856K, used 19083K [0x000000070c600000, 0x0000000800000000)
  region size 2048K, 7 young (14336K), 7 survivors (14336K)
 Metaspace       used 18148K, committed 18432K, reserved 1114112K
  class space    used 1599K, committed 1728K, reserved 1048576K
}
Event: 9.771 GC heap before
{Heap before GC invocations=3 (full 0):
 garbage-first heap   total 249856K, used 37515K [0x000000070c600000, 0x0000000800000000)
  region size 2048K, 17 young (34816K), 7 survivors (14336K)
 Metaspace       used 21300K, committed 21504K, reserved 1114112K
  class space    used 2019K, committed 2112K, reserved 1048576K
}
Event: 9.775 GC heap after
{Heap after GC invocations=4 (full 0):
 garbage-first heap   total 249856K, used 21591K [0x000000070c600000, 0x0000000800000000)
  region size 2048K, 2 young (4096K), 2 survivors (4096K)
 Metaspace       used 21300K, committed 21504K, reserved 1114112K
  class space    used 2019K, committed 2112K, reserved 1048576K
}
Event: 14.399 GC heap before
{Heap before GC invocations=5 (full 0):
 garbage-first heap   total 81920K, used 66647K [0x000000070c600000, 0x0000000800000000)
  region size 2048K, 24 young (49152K), 2 survivors (4096K)
 Metaspace       used 24559K, committed 24896K, reserved 1114112K
  class space    used 2498K, committed 2624K, reserved 1048576K
}
Event: 14.402 GC heap after
{Heap after GC invocations=6 (full 0):
 garbage-first heap   total 81920K, used 26124K [0x000000070c600000, 0x0000000800000000)
  region size 2048K, 3 young (6144K), 3 survivors (6144K)
 Metaspace       used 24559K, committed 24896K, reserved 1114112K
  class space    used 2498K, committed 2624K, reserved 1048576K
}
Event: 14.972 GC heap before
{Heap before GC invocations=6 (full 0):
 garbage-first heap   total 81920K, used 28172K [0x000000070c600000, 0x0000000800000000)
  region size 2048K, 4 young (8192K), 3 survivors (6144K)
 Metaspace       used 24569K, committed 24896K, reserved 1114112K
  class space    used 2498K, committed 2624K, reserved 1048576K
}
Event: 14.975 GC heap after
{Heap after GC invocations=7 (full 0):
 garbage-first heap   total 81920K, used 27329K [0x000000070c600000, 0x0000000800000000)
  region size 2048K, 1 young (2048K), 1 survivors (2048K)
 Metaspace       used 24569K, committed 24896K, reserved 1114112K
  class space    used 2498K, committed 2624K, reserved 1048576K
}

